c:\users\tohdj\documents\2023_2024_sem1\nyp_sdm_gdt_framework\app\debug\vc142.pdb
c:\users\tohdj\documents\2023_2024_sem1\nyp_sdm_gdt_framework\app\debug\vc142.idb
c:\users\tohdj\documents\2023_2024_sem1\nyp_sdm_gdt_framework\app\debug\fsm.obj
c:\users\tohdj\documents\2023_2024_sem1\nyp_sdm_gdt_framework\app\debug\physics2d.obj
c:\users\tohdj\documents\2023_2024_sem1\nyp_sdm_gdt_framework\app\debug\map2d.obj
c:\users\tohdj\documents\2023_2024_sem1\nyp_sdm_gdt_framework\app\debug\inventorymanager.obj
c:\users\tohdj\documents\2023_2024_sem1\nyp_sdm_gdt_framework\app\debug\inventoryitem.obj
c:\users\tohdj\documents\2023_2024_sem1\nyp_sdm_gdt_framework\app\debug\gui_scene2d.obj
c:\users\tohdj\documents\2023_2024_sem1\nyp_sdm_gdt_framework\app\debug\gamemanager.obj
c:\users\tohdj\documents\2023_2024_sem1\nyp_sdm_gdt_framework\app\debug\backgroundentity.obj
c:\users\tohdj\documents\2023_2024_sem1\nyp_sdm_gdt_framework\app\debug\main.obj
c:\users\tohdj\documents\2023_2024_sem1\nyp_sdm_gdt_framework\app\debug\menustate.obj
c:\users\tohdj\documents\2023_2024_sem1\nyp_sdm_gdt_framework\app\debug\introstate.obj
c:\users\tohdj\documents\2023_2024_sem1\nyp_sdm_gdt_framework\app\debug\gamestatemanager.obj
c:\users\tohdj\documents\2023_2024_sem1\nyp_sdm_gdt_framework\app\debug\physics3d.obj
c:\users\tohdj\documents\2023_2024_sem1\nyp_sdm_gdt_framework\app\debug\minimap.obj
c:\users\tohdj\documents\2023_2024_sem1\nyp_sdm_gdt_framework\app\debug\gui_scene3d.obj
c:\users\tohdj\documents\2023_2024_sem1\nyp_sdm_gdt_framework\app\debug\treekabak3d.obj
c:\users\tohdj\documents\2023_2024_sem1\nyp_sdm_gdt_framework\app\debug\structure3d.obj
c:\users\tohdj\documents\2023_2024_sem1\nyp_sdm_gdt_framework\app\debug\solidobjectmanager.obj
c:\users\tohdj\documents\2023_2024_sem1\nyp_sdm_gdt_framework\app\debug\solidobject.obj
c:\users\tohdj\documents\2023_2024_sem1\nyp_sdm_gdt_framework\app\debug\rock3d.obj
c:\users\tohdj\documents\2023_2024_sem1\nyp_sdm_gdt_framework\app\debug\player3d.obj
c:\users\tohdj\documents\2023_2024_sem1\nyp_sdm_gdt_framework\app\debug\hut_concrete.obj
c:\users\tohdj\documents\2023_2024_sem1\nyp_sdm_gdt_framework\app\debug\entitymanager.obj
c:\users\tohdj\documents\2023_2024_sem1\nyp_sdm_gdt_framework\app\debug\enemy3d.obj
c:\users\tohdj\documents\2023_2024_sem1\nyp_sdm_gdt_framework\app\debug\scopescreen.obj
c:\users\tohdj\documents\2023_2024_sem1\nyp_sdm_gdt_framework\app\debug\crosshair.obj
c:\users\tohdj\documents\2023_2024_sem1\nyp_sdm_gdt_framework\app\debug\camerashake.obj
c:\users\tohdj\documents\2023_2024_sem1\nyp_sdm_gdt_framework\app\debug\cameraeffectsmanager.obj
c:\users\tohdj\documents\2023_2024_sem1\nyp_sdm_gdt_framework\app\debug\cameraeffects.obj
c:\users\tohdj\documents\2023_2024_sem1\nyp_sdm_gdt_framework\app\debug\bloodscreen.obj
c:\users\tohdj\documents\2023_2024_sem1\nyp_sdm_gdt_framework\app\debug\camera.obj
c:\users\tohdj\documents\2023_2024_sem1\nyp_sdm_gdt_framework\app\debug\weaponinfo.obj
c:\users\tohdj\documents\2023_2024_sem1\nyp_sdm_gdt_framework\app\debug\projectilemanager.obj
c:\users\tohdj\documents\2023_2024_sem1\nyp_sdm_gdt_framework\app\debug\projectile.obj
c:\users\tohdj\documents\2023_2024_sem1\nyp_sdm_gdt_framework\app\debug\pistol.obj
c:\users\tohdj\documents\2023_2024_sem1\nyp_sdm_gdt_framework\app\debug\waypointmanager.obj
c:\users\tohdj\documents\2023_2024_sem1\nyp_sdm_gdt_framework\app\debug\waypoint.obj
c:\users\tohdj\documents\2023_2024_sem1\nyp_sdm_gdt_framework\app\debug\vertexbufferobject.obj
c:\users\tohdj\documents\2023_2024_sem1\nyp_sdm_gdt_framework\app\debug\texture.obj
c:\users\tohdj\documents\2023_2024_sem1\nyp_sdm_gdt_framework\app\debug\terrainmanager.obj
c:\users\tohdj\documents\2023_2024_sem1\nyp_sdm_gdt_framework\app\debug\terrain.obj
c:\users\tohdj\documents\2023_2024_sem1\nyp_sdm_gdt_framework\app\debug\spatialpartition.obj
c:\users\tohdj\documents\2023_2024_sem1\nyp_sdm_gdt_framework\app\debug\grid.obj
c:\users\tohdj\documents\2023_2024_sem1\nyp_sdm_gdt_framework\app\debug\frustumculling.obj
c:\users\tohdj\documents\2023_2024_sem1\nyp_sdm_gdt_framework\app\debug\skybox.obj
c:\users\tohdj\documents\2023_2024_sem1\nyp_sdm_gdt_framework\app\debug\spintower.obj
c:\users\tohdj\documents\2023_2024_sem1\nyp_sdm_gdt_framework\app\debug\scenenode.obj
c:\users\tohdj\documents\2023_2024_sem1\nyp_sdm_gdt_framework\app\debug\enemy2dmanager.obj
c:\users\tohdj\documents\2023_2024_sem1\nyp_sdm_gdt_framework\app\debug\enemy2d.obj
c:\users\tohdj\documents\2023_2024_sem1\nyp_sdm_gdt_framework\app\debug\playgamestate.obj
c:\users\tohdj\documents\2023_2024_sem1\nyp_sdm_gdt_framework\app\debug\play3dgamestate.obj
c:\users\tohdj\documents\2023_2024_sem1\nyp_sdm_gdt_framework\app\debug\pausestate.obj
c:\users\tohdj\documents\2023_2024_sem1\nyp_sdm_gdt_framework\app\debug\scene2d.obj
c:\users\tohdj\documents\2023_2024_sem1\nyp_sdm_gdt_framework\app\debug\player2d.obj
c:\users\tohdj\documents\2023_2024_sem1\nyp_sdm_gdt_framework\app\debug\application.obj
c:\users\tohdj\documents\2023_2024_sem1\nyp_sdm_gdt_framework\app\debug\scene3d.obj
c:\users\tohdj\documents\2023_2024_sem1\nyp_sdm_gdt_framework\debug\app.ilk
c:\users\tohdj\documents\2023_2024_sem1\nyp_sdm_gdt_framework\debug\app.exe
c:\users\tohdj\documents\2023_2024_sem1\nyp_sdm_gdt_framework\debug\app.pdb
c:\users\tohdj\documents\2023_2024_sem1\nyp_sdm_gdt_framework\app\debug\app.tlog\cl.command.1.tlog
c:\users\tohdj\documents\2023_2024_sem1\nyp_sdm_gdt_framework\app\debug\app.tlog\cl.read.1.tlog
c:\users\tohdj\documents\2023_2024_sem1\nyp_sdm_gdt_framework\app\debug\app.tlog\cl.write.1.tlog
c:\users\tohdj\documents\2023_2024_sem1\nyp_sdm_gdt_framework\app\debug\app.tlog\link.command.1.tlog
c:\users\tohdj\documents\2023_2024_sem1\nyp_sdm_gdt_framework\app\debug\app.tlog\link.read.1.tlog
c:\users\tohdj\documents\2023_2024_sem1\nyp_sdm_gdt_framework\app\debug\app.tlog\link.write.1.tlog
